[debug] [2023-05-28T18:49:32.842Z] ----------------------------------------------------------------------
[debug] [2023-05-28T18:49:32.843Z] Command:       C:\Program Files\nodejs\node.exe C:\Users\user\AppData\Roaming\npm\node_modules\firebase-tools\lib\bin\firebase.js deploy
[debug] [2023-05-28T18:49:32.843Z] CLI Version:   11.19.0
[debug] [2023-05-28T18:49:32.843Z] Platform:      win32
[debug] [2023-05-28T18:49:32.843Z] Node Version:  v18.12.1
[debug] [2023-05-28T18:49:32.844Z] Time:          Sun May 28 2023 21:49:32 GMT+0300 (Eastern European Summer Time)
[debug] [2023-05-28T18:49:32.844Z] ----------------------------------------------------------------------
[debug] 
[debug] [2023-05-28T18:49:32.846Z] >>> [apiv2][query] GET https://firebase-public.firebaseio.com/cli.json [none]
[debug] [2023-05-28T18:49:32.921Z] > command requires scopes: ["email","openid","https://www.googleapis.com/auth/cloudplatformprojects.readonly","https://www.googleapis.com/auth/firebase","https://www.googleapis.com/auth/cloud-platform"]
[debug] [2023-05-28T18:49:32.921Z] > authorizing via signed-in user (moograinejosh@gmail.com)
[debug] [2023-05-28T18:49:32.921Z] [iam] checking project josh-moograine for permissions ["firebase.projects.get","firebasedatabase.instances.update","firebasehosting.sites.update"]
[debug] [2023-05-28T18:49:32.922Z] > refreshing access token with scopes: []
[debug] [2023-05-28T18:49:32.923Z] >>> [apiv2][query] POST https://www.googleapis.com/oauth2/v3/token [none]
[debug] [2023-05-28T18:49:32.923Z] >>> [apiv2][body] POST https://www.googleapis.com/oauth2/v3/token [omitted]
[debug] [2023-05-28T18:49:33.510Z] <<< [apiv2][status] POST https://www.googleapis.com/oauth2/v3/token 200
[debug] [2023-05-28T18:49:33.510Z] <<< [apiv2][body] POST https://www.googleapis.com/oauth2/v3/token [omitted]
[debug] [2023-05-28T18:49:33.517Z] >>> [apiv2][query] POST https://cloudresourcemanager.googleapis.com/v1/projects/josh-moograine:testIamPermissions [none]
[debug] [2023-05-28T18:49:33.518Z] >>> [apiv2][(partial)header] POST https://cloudresourcemanager.googleapis.com/v1/projects/josh-moograine:testIamPermissions x-goog-quota-user=projects/josh-moograine
[debug] [2023-05-28T18:49:33.518Z] >>> [apiv2][body] POST https://cloudresourcemanager.googleapis.com/v1/projects/josh-moograine:testIamPermissions {"permissions":["firebase.projects.get","firebasedatabase.instances.update","firebasehosting.sites.update"]}
[debug] [2023-05-28T18:49:33.748Z] <<< [apiv2][status] GET https://firebase-public.firebaseio.com/cli.json 200
[debug] [2023-05-28T18:49:33.748Z] <<< [apiv2][body] GET https://firebase-public.firebaseio.com/cli.json {"cloudBuildErrorAfter":1594252800000,"cloudBuildWarnAfter":1590019200000,"defaultNode10After":1594252800000,"minVersion":"3.0.5","node8DeploysDisabledAfter":1613390400000,"node8RuntimeDisabledAfter":1615809600000,"node8WarnAfter":1600128000000}
[debug] [2023-05-28T18:49:34.835Z] <<< [apiv2][status] POST https://cloudresourcemanager.googleapis.com/v1/projects/josh-moograine:testIamPermissions 200
[debug] [2023-05-28T18:49:34.835Z] <<< [apiv2][body] POST https://cloudresourcemanager.googleapis.com/v1/projects/josh-moograine:testIamPermissions {"permissions":["firebase.projects.get","firebasedatabase.instances.update","firebasehosting.sites.update"]}
[debug] [2023-05-28T18:49:34.836Z] >>> [apiv2][query] GET https://firebase.googleapis.com/v1beta1/projects/josh-moograine [none]
[debug] [2023-05-28T18:49:35.270Z] <<< [apiv2][status] GET https://firebase.googleapis.com/v1beta1/projects/josh-moograine 200
[debug] [2023-05-28T18:49:35.270Z] <<< [apiv2][body] GET https://firebase.googleapis.com/v1beta1/projects/josh-moograine {"projectId":"josh-moograine","projectNumber":"311711314823","displayName":"joshmoograine","name":"projects/josh-moograine","resources":{"hostingSite":"josh-moograine","realtimeDatabaseInstance":"josh-moograine-default-rtdb"},"state":"ACTIVE","etag":"1_9fc6476a-2f9f-4a6c-856e-050d172d8aab"}
[debug] [2023-05-28T18:49:35.270Z] >>> [apiv2][query] GET https://firebase.googleapis.com/v1beta1/projects/josh-moograine [none]
